2025-04-16T01:53:33.884+02:00  INFO 121195 --- [qr_code_generator] [main] c.l.q.q.QrCodeGeneratorApplication       : Starting QrCodeGeneratorApplication using Java 24.0.1 with PID 121195 (/home/illia/javaprt/qr_book/qr_code_generator/target/classes started by illia in /home/illia/javaprt/qr_book/qr_code_generator)
2025-04-16T01:53:33.895+02:00 DEBUG 121195 --- [qr_code_generator] [main] c.l.q.q.QrCodeGeneratorApplication       : Running with Spring Boot v3.4.4, Spring v6.2.5
2025-04-16T01:53:33.898+02:00  INFO 121195 --- [qr_code_generator] [main] c.l.q.q.QrCodeGeneratorApplication       : No active profile set, falling back to 1 default profile: "default"
2025-04-16T01:53:34.845+02:00  INFO 121195 --- [qr_code_generator] [main] .s.d.r.c.RepositoryConfigurationDelegate : Multiple Spring Data modules found, entering strict repository configuration mode
2025-04-16T01:53:34.848+02:00  INFO 121195 --- [qr_code_generator] [main] .s.d.r.c.RepositoryConfigurationDelegate : Bootstrapping Spring Data Redis repositories in DEFAULT mode.
2025-04-16T01:53:34.893+02:00  INFO 121195 --- [qr_code_generator] [main] .s.d.r.c.RepositoryConfigurationDelegate : Finished Spring Data repository scanning in 18 ms. Found 0 Redis repository interfaces.
2025-04-16T01:53:35.953+02:00  INFO 121195 --- [qr_code_generator] [main] o.s.b.w.embedded.tomcat.TomcatWebServer  : Tomcat initialized with port 8080 (http)
2025-04-16T01:53:35.985+02:00  INFO 121195 --- [qr_code_generator] [main] o.apache.catalina.core.StandardService   : Starting service [Tomcat]
2025-04-16T01:53:35.989+02:00  INFO 121195 --- [qr_code_generator] [main] o.apache.catalina.core.StandardEngine    : Starting Servlet engine: [Apache Tomcat/10.1.39]
2025-04-16T01:53:36.140+02:00  INFO 121195 --- [qr_code_generator] [main] o.a.c.c.C.[Tomcat].[localhost].[/]       : Initializing Spring embedded WebApplicationContext
2025-04-16T01:53:36.141+02:00  INFO 121195 --- [qr_code_generator] [main] w.s.c.ServletWebServerApplicationContext : Root WebApplicationContext: initialization completed in 2152 ms
2025-04-16T01:53:36.416+02:00 DEBUG 121195 --- [qr_code_generator] [main] c.l.q.q.config.redis.RedisConfig         : Redis server: localhost
2025-04-16T01:53:36.421+02:00 DEBUG 121195 --- [qr_code_generator] [main] c.l.q.q.config.redis.RedisConfig         : Redis port: 6379
2025-04-16T01:53:38.625+02:00  INFO 121195 --- [qr_code_generator] [main] o.s.b.w.embedded.tomcat.TomcatWebServer  : Tomcat started on port 8080 (http) with context path '/'
2025-04-16T01:53:38.647+02:00  INFO 121195 --- [qr_code_generator] [main] c.l.q.q.QrCodeGeneratorApplication       : Started QrCodeGeneratorApplication in 5.673 seconds (process running for 6.254)
2025-04-16T01:53:45.121+02:00  INFO 121195 --- [qr_code_generator] [http-nio-8080-exec-1] o.a.c.c.C.[Tomcat].[localhost].[/]       : Initializing Spring DispatcherServlet 'dispatcherServlet'
2025-04-16T01:53:45.122+02:00  INFO 121195 --- [qr_code_generator] [http-nio-8080-exec-1] o.s.web.servlet.DispatcherServlet        : Initializing Servlet 'dispatcherServlet'
2025-04-16T01:53:45.123+02:00  INFO 121195 --- [qr_code_generator] [http-nio-8080-exec-1] o.s.web.servlet.DispatcherServlet        : Completed initialization in 1 ms
2025-04-16T01:54:04.492+02:00 DEBUG 121195 --- [qr_code_generator] [http-nio-8080-exec-8] c.l.q.q.c.http.QrCodeController          : GetQrCode request
2025-04-16T01:54:08.807+02:00  INFO 121195 --- [qr_code_generator] [SpringApplicationShutdownHook] o.s.b.w.e.tomcat.GracefulShutdown        : Commencing graceful shutdown. Waiting for active requests to complete
2025-04-16T01:54:08.811+02:00  INFO 121195 --- [qr_code_generator] [tomcat-shutdown] o.s.b.w.e.tomcat.GracefulShutdown        : Graceful shutdown complete
